<?xml version="1.0" encoding="UTF-8"?>
<testng-results ignored="3" total="4" passed="1" failed="0" skipped="0">
  <reporter-output>
  </reporter-output>
  <suite started-at="2025-05-19T17:26:50 IST" name="Default suite" finished-at="2025-05-19T17:26:53 IST" duration-ms="2852">
    <groups>
      <group name="integrationTests">
        <method signature="WordApplicationTest.verifyPalindromeWithInvalidTwoWord()[pri:0, instance:IntegrationTest.WordApplicationTest@42a48628]" name="verifyPalindromeWithInvalidTwoWord" class="IntegrationTest.WordApplicationTest"/>
      </group> <!-- integrationTests -->
    </groups>
    <test started-at="2025-05-19T17:26:50 IST" name="Default test" finished-at="2025-05-19T17:26:53 IST" duration-ms="2852">
      <class name="IntegrationTest.WordApplicationTest">
        <test-method signature="verifyPalindromeWithInvalidTwoWord()[pri:0, instance:IntegrationTest.WordApplicationTest@42a48628]" started-at="2025-05-19T17:26:50 IST" name="verifyPalindromeWithInvalidTwoWord" finished-at="2025-05-19T17:26:53 IST" duration-ms="2813" status="PASS">
          <reporter-output>
          </reporter-output>
        </test-method> <!-- verifyPalindromeWithInvalidTwoWord -->
      </class> <!-- IntegrationTest.WordApplicationTest -->
    </test> <!-- Default test -->
  </suite> <!-- Default suite -->
</testng-results>
