<?xml version="1.0" encoding="UTF-8"?>
<!-- Generated by org.testng.reporters.JUnitXMLReporter -->
<testsuite ignored="3" hostname="MihirsLegion" failures="0" tests="1" name="Default test" time="2.852" errors="0" timestamp="2025-05-19T17:26:53 IST">
  <testcase classname="IntegrationTest.WordApplicationTest" name="verifyPalindromeWithInvalidTwoWord" time="2.813"/>
  <testcase classname="IntegrationTest.WordApplicationTest" name="verifyPalindromeWithValidTwoWord" time="0.0">
    <ignored/>
  </testcase> <!-- verifyPalindromeWithValidTwoWord -->
  <testcase classname="IntegrationTest.WordApplicationTest" name="verifyPalindromeWithInvalidOneWord" time="0.0">
    <ignored/>
  </testcase> <!-- verifyPalindromeWithInvalidOneWord -->
  <testcase classname="IntegrationTest.WordApplicationTest" name="verifyPalindromeWithValidOneWord" time="0.0">
    <ignored/>
  </testcase> <!-- verifyPalindromeWithValidOneWord -->
</testsuite> <!-- Default test -->
